\BOOKMARK [0][-]{chapter.1}{\376\377\000J\000o\000h\000d\000a\000n\000t\000o}{}% 1
\BOOKMARK [0][-]{chapter.2}{\376\377\000J\000\344\000r\000j\000e\000s\000t\000e\000l\000m\000\344\000i\000n\000t\000e\000g\000r\000a\000a\000t\000i\000o}{}% 2
\BOOKMARK [1][-]{section.2.1}{\376\377\000J\000\344\000r\000j\000e\000s\000t\000e\000l\000m\000\344\000i\000n\000t\000e\000g\000r\000a\000a\000t\000i\000o\000i\000d\000e\000n\000\040\000m\000\344\000\344\000r\000i\000t\000e\000l\000m\000\344}{chapter.2}% 3
\BOOKMARK [0][-]{chapter.3}{\376\377\000Y\000h\000t\000e\000e\000n\000v\000e\000t\000o}{}% 4
\BOOKMARK [0][-]{chapter.4}{\376\377\000J\000o\000h\000d\000a\000n\000t\000o}{}% 5
\BOOKMARK [0][-]{chapter.5}{\376\377\000K\000i\000r\000j\000o\000i\000t\000u\000k\000s\000e\000n\000\040\000r\000a\000k\000e\000n\000n\000e}{}% 6
\BOOKMARK [1][-]{section.5.1}{\376\377\000T\000i\000i\000v\000i\000s\000t\000e\000l\000m\000\344}{chapter.5}% 7
\BOOKMARK [1][-]{section.5.2}{\376\377\000J\000o\000h\000d\000a\000n\000t\000o}{chapter.5}% 8
\BOOKMARK [1][-]{section.5.3}{\376\377\000K\000\344\000s\000i\000t\000t\000e\000l\000y\000l\000u\000v\000u\000t}{chapter.5}% 9
\BOOKMARK [1][-]{section.5.4}{\376\377\000L\000\344\000h\000d\000e\000v\000i\000i\000t\000t\000a\000u\000s\000t\000e\000n\000\040\000k\000\344\000y\000t\000t\000\366}{chapter.5}% 10
\BOOKMARK [1][-]{section.5.5}{\376\377\000Y\000h\000t\000e\000e\000n\000v\000e\000t\000o}{chapter.5}% 11
\BOOKMARK [1][-]{section.5.6}{\376\377\000L\000\344\000h\000d\000e\000l\000u\000e\000t\000t\000e\000l\000o\000n\000\040\000l\000a\000a\000t\000i\000m\000i\000n\000e\000n}{chapter.5}% 12
\BOOKMARK [0][-]{chapter.6}{\376\377\000U\000l\000k\000o\000a\000s\000u\000l\000l\000i\000s\000e\000t\000\040\000s\000e\000i\000k\000a\000t}{}% 13
\BOOKMARK [1][-]{section.6.1}{\376\377\000T\000y\000\366\000n\000\040\000o\000s\000i\000e\000n\000\040\000j\000\344\000r\000j\000e\000s\000t\000y\000s}{chapter.6}% 14
\BOOKMARK [1][-]{section.6.2}{\376\377\000T\000e\000k\000s\000t\000i\000n\000\040\000y\000l\000e\000i\000n\000e\000n\000\040\000s\000i\000j\000o\000i\000t\000t\000e\000l\000u}{chapter.6}% 15
\BOOKMARK [1][-]{section.6.3}{\376\377\000K\000u\000v\000a\000t\000\040\000j\000a\000\040\000t\000a\000u\000l\000u\000k\000o\000t}{chapter.6}% 16
\BOOKMARK [1][-]{section.6.4}{\376\377\000O\000t\000s\000i\000k\000o\000t}{chapter.6}% 17
\BOOKMARK [1][-]{section.6.5}{\376\377\000M\000a\000l\000l\000i\000n\000\040\000k\000\344\000y\000t\000t\000\366}{chapter.6}% 18
\BOOKMARK [0][-]{chapter.7}{\376\377\000Y\000h\000t\000e\000e\000n\000v\000e\000t\000o}{}% 19
\BOOKMARK [0][-]{section*.2}{\376\377\000L\000\344\000h\000t\000e\000e\000t}{}% 20
\BOOKMARK [0][-]{appendix.A}{\376\377\000S\000a\000m\000p\000l\000e\000\040\000A\000p\000p\000e\000n\000d\000i\000x}{}% 21
